









<!DOCTYPE html>
<html>
<head>
	<meta charset='UTF-8' /> 
	<meta name='description' content='' />
	<meta name='robots' content='noodp, noydir' />
	<meta name='viewport' content='width=device-width, initial-scale=1' />
	<meta id="timeStampFormat" name="timeStampFormat" content='MMM d, yyyy hh:mm:ss a'/>
	
        <link href='http://fonts.googleapis.com/css?family=Source+Sans+Pro:400,600' rel='stylesheet' type='text/css' />
        <link href="http://fonts.googleapis.com/icon?family=Material+Icons" rel="stylesheet" />
        <link href='http://cdn.jsdelivr.net/gh/extent-framework/extent-github-cdn@ff53917fbbdb5ef820abbbe4d199a6942dc771ff/v3html/css/extent.css' type='text/css' rel='stylesheet' />
	
	<title>Extent</title>

	<style type='text/css'>
		/* json-tree */
		.jstBracket,.jstComma,.jstValue{white-space:pre-wrap}.jstValue{font-size:10px;font-weight:400;font-family:"Lucida Console",Monaco,monospace}.jstProperty{color:#666;word-wrap:break-word}.jstBool{color:#2525CC}.jstNum{color:#D036D0}.jstNull{color:gray}.jstStr{color:#2DB669}.jstFold:after{content:' -';cursor:pointer}.jstExpand{white-space:normal}.jstExpand:after{content:' +';cursor:pointer}.jstFolded{white-space:normal!important}.jstHiddenBlock{display:none}
			


		
	</style>
	
	<script type="text/javascript">
		/*! json-tree - v0.2.2 - 2017-09-25, MIT LICENSE */
		var JSONTree=function(){var n={"&":"&amp;","<":"&lt;",">":"&gt;",'"':"&quot;","'":"&#x27;","/":"&#x2F;"},t=0,r=0;this.create=function(n,t){return r+=1,N(u(n,0,!1),{class:"jstValue"})};var e=function(t){return t.replace(/[&<>'"]/g,function(t){return n[t]})},s=function(){return r+"_"+t++},u=function(n,t,r){if(null===n)return f(r?t:0);switch(typeof n){case"boolean":return l(n,r?t:0);case"number":return i(n,r?t:0);case"string":return o(n,r?t:0);default:return n instanceof Array?a(n,t,r):c(n,t,r)}},c=function(n,t,r){var e=s(),u=Object.keys(n).map(function(r){return j(r,n[r],t+1,!0)}).join(m()),c=[g("{",r?t:0,e),N(u,{id:e}),p("}",t)].join("\n");return N(c,{})},a=function(n,t,r){var e=s(),c=n.map(function(n){return u(n,t+1,!0)}).join(m());return[g("[",r?t:0,e),N(c,{id:e}),p("]",t)].join("\n")},o=function(n,t){var r=e(JSON.stringify(n));return N(v(r,t),{class:"jstStr"})},i=function(n,t){return N(v(n,t),{class:"jstNum"})},l=function(n,t){return N(v(n,t),{class:"jstBool"})},f=function(n){return N(v("null",n),{class:"jstNull"})},j=function(n,t,r){var s=v(e(JSON.stringify(n))+": ",r),c=N(u(t,r,!1),{});return N(s+c,{class:"jstProperty"})},m=function(){return N(",\n",{class:"jstComma"})},N=function(n,t){return d("span",t,n)},d=function(n,t,r){return"<"+n+Object.keys(t).map(function(n){return" "+n+'="'+t[n]+'"'}).join("")+">"+r+"</"+n+">"},g=function(n,t,r){return N(v(n,t),{class:"jstBracket"})+N("",{class:"jstFold",onclick:"JSONTree.toggle('"+r+"')"})};this.toggle=function(n){var t=document.getElementById(n),r=t.parentNode,e=t.previousElementSibling;""===t.className?(t.className="jstHiddenBlock",r.className="jstFolded",e.className="jstExpand"):(t.className="",r.className="",e.className="jstFold")};var p=function(n,t){return N(v(n,t),{})},v=function(n,t){return Array(2*t+1).join(" ")+n};return this}();
	</script>
</head>
	<body class='extent standard default hide-overflow bdd-report'>
		<div id='theme-selector' alt='Click to toggle theme. To enable by default, use theme configuration.' title='Click to toggle theme. To enable by default, use theme configuration.'>
			<span><i class='material-icons'>desktop_windows</i></span>
		</div>
<nav>
	<div class="nav-wrapper">
		<a href="#!" class="brand-logo black"><img src="https://cdn.rawgit.com/extent-framework/extent-github-cdn/d74480e/commons/img/logo.png"></a>
		<!-- slideout menu -->
		<ul id='slide-out' class='side-nav fixed hide-on-med-and-down'>
			<li class='waves-effect active'><a href='#!' view='test-view' onclick="configureView(0);chartsView('test');"><i class='material-icons'>dashboard</i></a></li>
						<li class='waves-effect'><a href='#!' view='category-view' onclick="configureView(1)"><i class='material-icons'>label_outline</i></a></li>
			<li class='waves-effect'><a href='#!' view='exception-view' onclick="configureView(2)"><i class='material-icons'>bug_report</i></a></li>
			<li class='waves-effect'><a href='#!' onclick="configureView(-1);chartsView('dashboard');" view='dashboard-view'><i class='material-icons'>track_changes</i></a></li>
		</ul>
		<!-- report name -->
		<span class='report-name'>Way2Automation Cucumber Extent Report</span>
		<!-- report headline -->
		<span class='report-headline'></span>
		<!-- nav-right -->
		<ul id='nav-mobile' class='right hide-on-med-and-down nav-right'>
			<a href='#!'>
			<span class='label blue darken-3 suite-start-time'>Sep 19, 2020 12:53:57 AM</span>
			</a>
		</ul>
	</div>
</nav>		<!-- container -->
		<div class='container'>
<div id='test-view' class='view'>
	<section id='controls'>
		<div class='controls grey lighten-4'>
			<!-- test toggle -->
			<div class='chip transparent'>
				<a class='dropdown-button tests-toggle' data-activates='tests-toggle' data-constrainwidth='true' data-beloworigin='true' data-hover='true' href='#'>
				<i class='material-icons'>warning</i> Status
				</a>
				<ul id='tests-toggle' class='dropdown-content'>
										<li status='pass'><a href='#!'>Pass <i class='material-icons green-text'>check_circle</i></a></li>
					<li status='fail'><a href='#!'>Fail <i class='material-icons red-text'>cancel</i></a></li>
					<li status='skip'><a href='#!'>Skip <i class='material-icons cyan-text'>redo</i></a></li>
					<li class='divider'></li>
					<li status='clear' clear='true'><a href='#!'>Clear Filters <i class='material-icons'>clear</i></a></li>
				</ul>
			</div>
			<!-- test toggle -->
			<!-- category toggle -->
			<div class='chip transparent'>
				<a class='dropdown-button category-toggle' data-activates='category-toggle' data-constrainwidth='false' data-beloworigin='true' data-hover='true' href='#'>
				<i class='material-icons'>local_offer</i> Category
				</a>
				<ul id='category-toggle' class='dropdown-content'>
					<li><a href='#'>@Search-Cars</a></li>
					<li><a href='#'>@Search-Cars-Positive</a></li>
					<li><a href='#'>@Used-Search-Cars</a></li>
					<li><a href='#'>@Used-Search-Cars-Positive</a></li>
					<li class='divider'></li>
					<li class='clear'><a href='#!' clear='true'>Clear Filters</a></li>
				</ul>
			</div>
			<!-- category toggle -->
			<!-- clear filters -->
			<div class='chip transparent hide'>
				<a class='' id='clear-filters' alt='Clear Filters' title='Clear Filters'>
				<i class='material-icons'>close</i> Clear
				</a>
			</div>
			<!-- clear filters -->
			<!-- enable dashboard -->
			<div id='toggle-test-view-charts' class='chip transparent'>
				<a class='pink-text' id='enable-dashboard' alt='Enable Dashboard' title='Enable Dashboard'>
				<i class='material-icons'>track_changes</i> Dashboard
				</a>
			</div>
			<!-- enable dashboard -->
			<!-- search -->
			<div class='chip transparent' alt='Search Tests' title='Search Tests'>
				<a href="#" class='search-div'>
				<i class='material-icons'>search</i> Search
				</a>
				<div class='input-field left hide'>
					<input id='search-tests' type='text' class='validate browser-default' placeholder='Search Tests...'>
				</div>
			</div>
			<!-- search -->
		</div>
	</section>
<div id='test-view-charts' class='subview-full'>
    <div id='charts-row' class='row nm-v nm-h'>
        <div class='col s12 m4 l4 np-h'>
            <div class='card-panel nm-v'>
                <div class='left panel-name'>Features</div>
                <div class='chart-box' style="max-height:94px;">
                    <canvas id='parent-analysis' width='90' height='70'></canvas>
                </div>
                <div class='block text-small'>
                    <span class='tooltipped' data-position='top' data-tooltip='0%'><span class='strong'>0</span> feature(s) passed</span>
                </div>
                <div class='block text-small'>
                    <span class='strong tooltipped' data-position='top' data-tooltip='100%'>2</span> feature(s) failed, <span class='strong tooltipped' data-position='top' data-tooltip='0%'>0</span> skipped
                </div>
            </div>
        </div>
        <div class='col s12 m4 l4 np-h'>
            <div class='card-panel nm-v'>
                <div class='left panel-name'>Scenarios</div>
                <div class='chart-box' style="max-height:94px;">
                    <canvas id='child-analysis' width='90' height='70'></canvas>
                </div>
                <div class='block text-small'>
                    <span class='tooltipped' data-position='top' data-tooltip='0%'><span class='strong'>0</span> scenario(s) passed</span>
                </div>
                <div class='block text-small'>
                    <span class='strong tooltipped' data-position='top' data-tooltip='100%'>2</span> scenario(s) failed, 
                    <span class='strong tooltipped' data-position='top' data-tooltip='0%'>0</span> skipped, 
                    <span class='strong tooltipped' data-position='top' data-tooltip='0%'>0</span> others
                </div>
            </div>
        </div>
        <div class='col s12 m4 l4 np-h'>
            <div class='card-panel nm-v'>
                <div class='left panel-name'>Steps</div>
                <div class='chart-box' style="max-height:94px;">
                    <canvas id='grandchild-analysis' width='90' height='70'></canvas>
                </div>
                <div class='block text-small'>
                    <span class='tooltipped' data-position='top' data-tooltip='36.364%'><span class='strong'>8</span> step(s) passed</span>
                </div>
                <div class='block text-small'>
                    <span class='strong tooltipped' data-position='top' data-tooltip='9.091%'>2</span> scenario(s) failed, 
                    <span class='strong tooltipped' data-position='top' data-tooltip='54.545%'>12</span> skipped, 
                    <span class='strong tooltipped' data-position='top' data-tooltip='54.545%'>0</span> others
                </div>
            </div>
        </div>
    </div>
    <div id="timeline-chart" class="row nm-v nm-h">
        <div class="col s12 m12 l12 np-h">
            <div class="card-panel">
                <div class='left panel-name'>Timeline (seconds)</div>
                <div class="chart-box" style="width:98%;max-height:145px;">
                    <canvas id="timeline" height="120"></canvas>
                </div>
            </div>
        </div>
    </div>
</div>	<div class='subview-left left'>
		<div class='view-summary'>
			<ul id='test-collection' class='test-collection'>
				<li class='test displayed active has-leaf fail' status='fail' bdd='true' test-id='1'>
					<div class='test-heading'>
						<span class='test-name'>Acceptance testing to validate Search cars page is working fine.</span>
						<span class='test-time'>Sep 19, 2020 12:54:05 AM</span>
						<span class='test-status right fail'>fail</span>
					</div>
					<div class='test-content hide'>
<div class="sr-filters bdd-filters">
	<a class="btn-floating waves-effect waves-light pass green" title="pass"><i class='material-icons'>check_circle</i></a>
	<a class="btn-floating waves-effect waves-light fail red" title="fail"><i class='material-icons'>cancel</i></a>
	<a class="btn-floating waves-effect waves-light skip blue" title="skip"><i class='material-icons'>redo</i></a>
	<a class="btn-floating waves-effect waves-light clear grey" title="clear"><i class='material-icons'>clear</i></a>
</div>
<div class='test-desc'>In order to validate that 
  the search car page is working fine
  we will do the acceptance testing</div>
<div class='scenario node' test-id='2' status='fail'>
	<div class='category-list'>
		<span class='category label'>@Search-Cars</span>
		<span class='category label'>@Search-Cars-Positive</span>
	</div>
	<span class='duration right label'>0h 0m 11s+695ms</span>
	<div class="bdd-test">
		<div class="scenario-name"><span class='status fail' title='fail'><i class='material-icons'>cancel</i></span> Scenario: Validate search cars page</div>
	</div>
	<ul class='steps'>
		<li test-id='4' class='node given pass' status='pass'>
			<div class="step-name" title="SearchCarsSteps.i_on_the_Home_page_of_CarsGuide_website(String)"><span class='status pass' title='pass'><i class='material-icons'>check_circle</i></span>Given I on the Home page "https://www.carsguide.com.au" of CarsGuide website</div>
			<div class="node-step"></div>
		</li>
		<li test-id='5' class='node when pass' status='pass'>
			<div class="step-name" title="SearchCarsSteps.i_move_to_Car_for_Sale_menu(String>)"><span class='status pass' title='pass'><i class='material-icons'>check_circle</i></span>When I move to Car for Sale menu</div>
			<div class="node-step"><table class='runtime-table table-striped table'><tr><td>Menu</td></tr><tr><td>buy + sale</td></tr><tr><td>Sell My Car</td></tr></table></div>
		</li>
		<li test-id='6' class='node and pass' status='pass'>
			<div class="step-name" title="SearchCarsSteps.click_on_link(String)"><span class='status pass' title='pass'><i class='material-icons'>check_circle</i></span>And click on "Search Cars" link</div>
			<div class="node-step"></div>
		</li>
		<li test-id='7' class='node and fail' status='fail'>
			<div class="step-name" title="SearchCarsSteps.select_carbrand_as_from_AnyMake_DropDown(String)"><span class='status fail' title='fail'><i class='material-icons'>cancel</i></span>And select carbrand as "BMW" from AnyMake DropDown</div>
			<textarea disabled class="code-block">org.openqa.selenium.NoSuchElementException: no such element: Unable to locate element: {"method":"xpath","selector":"//select[@id='makes']"}
  (Session info: chrome=85.0.4183.102)
For documentation on this error, please visit: https://www.seleniumhq.org/exceptions/no_such_element.html
Build info: version: '3.141.59', revision: 'e82be7d358', time: '2018-11-14T08:17:03'
System info: host: 'LAPTOP-4OFRI5EK', ip: '192.168.0.20', os.name: 'Windows 10', os.arch: 'amd64', os.version: '10.0', java.version: '14.0.1'
Driver info: org.openqa.selenium.chrome.ChromeDriver
Capabilities {acceptInsecureCerts: false, browserName: chrome, browserVersion: 85.0.4183.102, chrome: {chromedriverVersion: 85.0.4183.87 (cd6713ebf92fa..., userDataDir: C:\Users\jmubayed\AppData\L...}, goog:chromeOptions: {debuggerAddress: localhost:53601}, javascriptEnabled: true, networkConnectionEnabled: false, pageLoadStrategy: normal, platform: WINDOWS, platformName: WINDOWS, proxy: Proxy(), setWindowRect: true, strictFileInteractability: false, timeouts: {implicit: 0, pageLoad: 300000, script: 30000}, unhandledPromptBehavior: dismiss and notify, webauthn:virtualAuthenticators: true}
Session ID: bda6e612c965daf03f62a2ad3b439eac
*** Element info: {Using=xpath, value=//select[@id='makes']}
	at java.base/jdk.internal.reflect.NativeConstructorAccessorImpl.newInstance0(Native Method)
	at java.base/jdk.internal.reflect.NativeConstructorAccessorImpl.newInstance(NativeConstructorAccessorImpl.java:62)
	at java.base/jdk.internal.reflect.DelegatingConstructorAccessorImpl.newInstance(DelegatingConstructorAccessorImpl.java:45)
	at java.base/java.lang.reflect.Constructor.newInstanceWithCaller(Constructor.java:500)
	at java.base/java.lang.reflect.Constructor.newInstance(Constructor.java:481)
	at org.openqa.selenium.remote.http.W3CHttpResponseCodec.createException(W3CHttpResponseCodec.java:187)
	at org.openqa.selenium.remote.http.W3CHttpResponseCodec.decode(W3CHttpResponseCodec.java:122)
	at org.openqa.selenium.remote.http.W3CHttpResponseCodec.decode(W3CHttpResponseCodec.java:49)
	at org.openqa.selenium.remote.HttpCommandExecutor.execute(HttpCommandExecutor.java:158)
	at org.openqa.selenium.remote.service.DriverCommandExecutor.execute(DriverCommandExecutor.java:83)
	at org.openqa.selenium.remote.RemoteWebDriver.execute(RemoteWebDriver.java:552)
	at org.openqa.selenium.remote.RemoteWebDriver.findElement(RemoteWebDriver.java:323)
	at org.openqa.selenium.remote.RemoteWebDriver.findElementByXPath(RemoteWebDriver.java:428)
	at org.openqa.selenium.By$ByXPath.findElement(By.java:353)
	at org.openqa.selenium.remote.RemoteWebDriver.findElement(RemoteWebDriver.java:315)
	at org.openqa.selenium.support.pagefactory.DefaultElementLocator.findElement(DefaultElementLocator.java:69)
	at org.openqa.selenium.support.pagefactory.internal.LocatingElementHandler.invoke(LocatingElementHandler.java:38)
	at com.sun.proxy.$Proxy37.getTagName(Unknown Source)
	at org.openqa.selenium.support.ui.Select.<init>(Select.java:45)
	at com.qa.pages.actions.CarsSearchPageActions.selectCarMake(CarsSearchPageActions.java:23)
	at com.qa.steps.SearchCarsSteps.select_carbrand_as_from_AnyMake_DropDown(SearchCarsSteps.java:50)
	at ?.select carbrand as "BMW" from AnyMake DropDown(file:src/test/resources/features/SearchCars.feature:15)
</textarea>
		</li>
		<li test-id='8' class='node and skip' status='skip'>
			<div class="step-name" title="SearchCarsSteps.select_carmodel_as_from_SelectModel_dropdown(String)"><span class='status skip' title='skip'><i class='material-icons'>redo</i></span>And select carmodel as "1 Series" from SelectModel dropdown</div>
			<div class="node-step">Step skipped</div>
		</li>
		<li test-id='9' class='node and skip' status='skip'>
			<div class="step-name" title="SearchCarsSteps.select_location_as_from_Any_SelecLocation_dropdown(String)"><span class='status skip' title='skip'><i class='material-icons'>redo</i></span>And select location as "NSW - Hunter" from Any SelecLocation dropdown</div>
			<div class="node-step">Step skipped</div>
		</li>
		<li test-id='10' class='node and skip' status='skip'>
			<div class="step-name" title="SearchCarsSteps.select_price_as_from_price_dropdown(String)"><span class='status skip' title='skip'><i class='material-icons'>redo</i></span>And select price as "$1,000" from price dropdown</div>
			<div class="node-step">Step skipped</div>
		</li>
		<li test-id='11' class='node and skip' status='skip'>
			<div class="step-name" title="SearchCarsSteps.click_on_Find_My_Next_Car_button()"><span class='status skip' title='skip'><i class='material-icons'>redo</i></span>And click on Find_My_Next_Car button</div>
			<div class="node-step">Step skipped</div>
		</li>
		<li test-id='12' class='node then skip' status='skip'>
			<div class="step-name" title="SearchCarsSteps.i_should_see_list_of_searched_cars()"><span class='status skip' title='skip'><i class='material-icons'>redo</i></span>Then I should see list of searched cars</div>
			<div class="node-step">Step skipped</div>
		</li>
		<li test-id='13' class='node and skip' status='skip'>
			<div class="step-name" title="SearchCarsSteps.the_page_title_should_be(String)"><span class='status skip' title='skip'><i class='material-icons'>redo</i></span>And the page title should be "Bmw 1 Series Under 1000 for Sale Hunter NSW | carsguide"</div>
			<div class="node-step">Step skipped</div>
		</li>
		<li test-id='14' class='node * pass' status='pass'>
			<div class="step-name" title=""><span class='status pass' title='pass'><i class='material-icons'>check_circle</i></span>AfterActions.tearDown(Scenario)</div>
			<div class="node-step"></div>
		</li>
	</ul>
</div>
					</div>
				</li>
				<li class='test displayed active has-leaf fail' status='fail' bdd='true' test-id='15'>
					<div class='test-heading'>
						<span class='test-name'>Acceptance testing to validate Used Search cars page is working fine.</span>
						<span class='test-time'>Sep 19, 2020 12:54:27 AM</span>
						<span class='test-status right fail'>fail</span>
					</div>
					<div class='test-content hide'>
<div class="sr-filters bdd-filters">
	<a class="btn-floating waves-effect waves-light pass green" title="pass"><i class='material-icons'>check_circle</i></a>
	<a class="btn-floating waves-effect waves-light fail red" title="fail"><i class='material-icons'>cancel</i></a>
	<a class="btn-floating waves-effect waves-light skip blue" title="skip"><i class='material-icons'>redo</i></a>
	<a class="btn-floating waves-effect waves-light clear grey" title="clear"><i class='material-icons'>clear</i></a>
</div>
<div class='test-desc'>In order to validate that 
  the Used search car page is working fine
  we will do the acceptance testing</div>
<div class='scenario node' test-id='16' status='fail'>
	<div class='category-list'>
		<span class='category label'>@Used-Search-Cars</span>
		<span class='category label'>@Used-Search-Cars-Positive</span>
	</div>
	<span class='duration right label'>0h 0m 7s+108ms</span>
	<div class="bdd-test">
		<div class="scenario-name"><span class='status fail' title='fail'><i class='material-icons'>cancel</i></span> Scenario: Validate used search cars page</div>
	</div>
	<ul class='steps'>
		<li test-id='18' class='node given pass' status='pass'>
			<div class="step-name" title="SearchCarsSteps.i_on_the_Home_page_of_CarsGuide_website(String)"><span class='status pass' title='pass'><i class='material-icons'>check_circle</i></span>Given I on the Home page "https://www.carsguide.com.au" of CarsGuide website</div>
			<div class="node-step"></div>
		</li>
		<li test-id='19' class='node when pass' status='pass'>
			<div class="step-name" title="SearchCarsSteps.i_move_to_Car_for_Sale_menu(String>)"><span class='status pass' title='pass'><i class='material-icons'>check_circle</i></span>When I move to Car for Sale menu</div>
			<div class="node-step"><table class='runtime-table table-striped table'><tr><td>Menu</td></tr><tr><td>buy + sale</td></tr><tr><td>Sell My Car</td></tr></table></div>
		</li>
		<li test-id='20' class='node and pass' status='pass'>
			<div class="step-name" title="UsedCarsSteps.click_on_link_on_Used_Car_page(String)"><span class='status pass' title='pass'><i class='material-icons'>check_circle</i></span>And click on "Used" link on Used Search Car page</div>
			<div class="node-step"></div>
		</li>
		<li test-id='21' class='node and fail' status='fail'>
			<div class="step-name" title="UsedCarsSteps.select_carbrand_as_from_AnyMake_DropDown_on_Used_Search_Car_page(String)"><span class='status fail' title='fail'><i class='material-icons'>cancel</i></span>And select carbrand as "Audi" from AnyMake DropDown on Used Search Car page</div>
			<textarea disabled class="code-block">org.openqa.selenium.NoSuchElementException: no such element: Unable to locate element: {"method":"xpath","selector":"//select[@id='makes']"}
  (Session info: chrome=85.0.4183.102)
For documentation on this error, please visit: https://www.seleniumhq.org/exceptions/no_such_element.html
Build info: version: '3.141.59', revision: 'e82be7d358', time: '2018-11-14T08:17:03'
System info: host: 'LAPTOP-4OFRI5EK', ip: '192.168.0.20', os.name: 'Windows 10', os.arch: 'amd64', os.version: '10.0', java.version: '14.0.1'
Driver info: org.openqa.selenium.chrome.ChromeDriver
Capabilities {acceptInsecureCerts: false, browserName: chrome, browserVersion: 85.0.4183.102, chrome: {chromedriverVersion: 85.0.4183.87 (cd6713ebf92fa..., userDataDir: C:\Users\jmubayed\AppData\L...}, goog:chromeOptions: {debuggerAddress: localhost:53706}, javascriptEnabled: true, networkConnectionEnabled: false, pageLoadStrategy: normal, platform: WINDOWS, platformName: WINDOWS, proxy: Proxy(), setWindowRect: true, strictFileInteractability: false, timeouts: {implicit: 0, pageLoad: 300000, script: 30000}, unhandledPromptBehavior: dismiss and notify, webauthn:virtualAuthenticators: true}
Session ID: 73a8062f042570bb734c24394beea1c2
*** Element info: {Using=xpath, value=//select[@id='makes']}
	at java.base/jdk.internal.reflect.NativeConstructorAccessorImpl.newInstance0(Native Method)
	at java.base/jdk.internal.reflect.NativeConstructorAccessorImpl.newInstance(NativeConstructorAccessorImpl.java:62)
	at java.base/jdk.internal.reflect.DelegatingConstructorAccessorImpl.newInstance(DelegatingConstructorAccessorImpl.java:45)
	at java.base/java.lang.reflect.Constructor.newInstanceWithCaller(Constructor.java:500)
	at java.base/java.lang.reflect.Constructor.newInstance(Constructor.java:481)
	at org.openqa.selenium.remote.http.W3CHttpResponseCodec.createException(W3CHttpResponseCodec.java:187)
	at org.openqa.selenium.remote.http.W3CHttpResponseCodec.decode(W3CHttpResponseCodec.java:122)
	at org.openqa.selenium.remote.http.W3CHttpResponseCodec.decode(W3CHttpResponseCodec.java:49)
	at org.openqa.selenium.remote.HttpCommandExecutor.execute(HttpCommandExecutor.java:158)
	at org.openqa.selenium.remote.service.DriverCommandExecutor.execute(DriverCommandExecutor.java:83)
	at org.openqa.selenium.remote.RemoteWebDriver.execute(RemoteWebDriver.java:552)
	at org.openqa.selenium.remote.RemoteWebDriver.findElement(RemoteWebDriver.java:323)
	at org.openqa.selenium.remote.RemoteWebDriver.findElementByXPath(RemoteWebDriver.java:428)
	at org.openqa.selenium.By$ByXPath.findElement(By.java:353)
	at org.openqa.selenium.remote.RemoteWebDriver.findElement(RemoteWebDriver.java:315)
	at org.openqa.selenium.support.pagefactory.DefaultElementLocator.findElement(DefaultElementLocator.java:69)
	at org.openqa.selenium.support.pagefactory.internal.LocatingElementHandler.invoke(LocatingElementHandler.java:38)
	at com.sun.proxy.$Proxy37.getTagName(Unknown Source)
	at org.openqa.selenium.support.ui.Select.<init>(Select.java:45)
	at com.qa.pages.actions.UsedCarsSearchPageActions.selectCarMake(UsedCarsSearchPageActions.java:22)
	at com.qa.steps.UsedCarsSteps.select_carbrand_as_from_AnyMake_DropDown_on_Used_Search_Car_page(UsedCarsSteps.java:25)
	at ?.select carbrand as "Audi" from AnyMake DropDown on Used Search Car page(file:src/test/resources/features/UsedCarSearch.feature:15)
</textarea>
		</li>
		<li test-id='22' class='node and skip' status='skip'>
			<div class="step-name" title="UsedCarsSteps.select_car_model_on_Used_Search_Car_page(String>)"><span class='status skip' title='skip'><i class='material-icons'>redo</i></span>And select car model on Used Search Car page</div>
			<div class="node-step"><table class='runtime-table table-striped table'><tr><td>carModel</td></tr><tr><td>A4</td></tr><tr><td>A3</td></tr></table></div>
			<div class="node-step">Step skipped</div>
		</li>
		<li test-id='23' class='node and skip' status='skip'>
			<div class="step-name" title="UsedCarsSteps.select_location_as_from_Any_SelecLocation_dropdown_on_Used_Search_Car_page(String)"><span class='status skip' title='skip'><i class='material-icons'>redo</i></span>And select location as "ACT - All" from Any SelecLocation dropdown on Used Search Car page</div>
			<div class="node-step">Step skipped</div>
		</li>
		<li test-id='24' class='node and skip' status='skip'>
			<div class="step-name" title="UsedCarsSteps.select_price_as_from_price_dropdown_on_Used_Search_Car_page(String)"><span class='status skip' title='skip'><i class='material-icons'>redo</i></span>And select price as "$2,000" from price dropdown on Used Search Car page</div>
			<div class="node-step">Step skipped</div>
		</li>
		<li test-id='25' class='node and skip' status='skip'>
			<div class="step-name" title="UsedCarsSteps.click_on_Find_My_Next_Car_button_on_Used_Search_Car_page()"><span class='status skip' title='skip'><i class='material-icons'>redo</i></span>And click on Find_My_Next_Car button on Used Search Car page</div>
			<div class="node-step">Step skipped</div>
		</li>
		<li test-id='26' class='node then skip' status='skip'>
			<div class="step-name" title="UsedCarsSteps.i_should_see_list_of_searched_cars_on_Used_Search_Car_page()"><span class='status skip' title='skip'><i class='material-icons'>redo</i></span>Then I should see list of searched cars on Used Search Car page</div>
			<div class="node-step">Step skipped</div>
		</li>
		<li test-id='27' class='node and skip' status='skip'>
			<div class="step-name" title="SearchCarsSteps.the_page_title_should_be(String)"><span class='status skip' title='skip'><i class='material-icons'>redo</i></span>And the page title should be "Used Audi A4 Under 2000 for Sale ACT | carsguide"</div>
			<div class="node-step">Step skipped</div>
		</li>
		<li test-id='28' class='node * pass' status='pass'>
			<div class="step-name" title=""><span class='status pass' title='pass'><i class='material-icons'>check_circle</i></span>AfterActions.tearDown(Scenario)</div>
			<div class="node-step"></div>
		</li>
	</ul>
</div>
					</div>
				</li>
			</ul>
		</div>
	</div>
	<!-- subview left -->
	<div class='subview-right left'>
		<div class='view-summary'>
			<div id='step-filters' class="right sr-filters">
				<a class="btn-floating waves-effect waves-light green" status="pass" alt="pass" title="pass"><i class="material-icons">check_circle</i></a>
				<a class="btn-floating waves-effect waves-light red" status="fail" alt="fail" title="fail"><i class="material-icons">cancel</i></a>
				<a class="btn-floating waves-effect waves-light red darken-4" status="fatal" alt="fatal" title="fatal"><i class="material-icons">cancel</i></a>
				<a class="btn-floating waves-effect waves-light pink text-lighten-1" status="error" alt="error" title="error"><i class="material-icons">error</i></a>
				<a class="btn-floating waves-effect waves-light orange" alt="warning" status="warning" title="warning"><i class="material-icons">warning</i></a>
				<a class="btn-floating waves-effect waves-light teal" status="skip" alt="skip" title="skip"><i class="material-icons">redo</i></a>
				<a class="btn-floating waves-effect waves-light grey" status="clear" alt="Clear filters" title="Clear filters"><i class="material-icons">clear</i></a>
			</div>
			<h5 class='test-name'></h5>
		</div>
	</div>
	<!-- subview right -->
</div>
<!-- test view --><div id='category-view' class='view hide'>
	<section id='controls'>
		<div class='controls grey lighten-4'>
			<!-- search -->
			<div class='chip transparent' alt='Search Tests' title='Search Tests'>
				<a href="#" class='search-div'>
				<i class='material-icons'>search</i> Search
				</a>
				<div class='input-field left hide'>
					<input id='search-tests' type='text' class='validate browser-default' placeholder='Search Tests...'>
				</div>
			</div>
			<!-- search -->
		</div>
	</section>
	<div class='subview-left left'>
		<div class='view-summary'>
			<ul id='category-collection' class='category-collection'>
				<li class='category displayed active'>
					<div class='category-heading'>
						<span class='category-name'>@Search-Cars</span>
						<span class='category-status right'>
						<span class='label fail'>1</span>
						</span>
					</div>
					<div class='category-content hide'>
						<div class='category-status-counts'>
							
							<span status="fail" class='label red lighten-1 white-text'>Failed: 1</span>
							
						</div>
						<div class='category-tests'>
							<table class='bordered table-results'>
								<thead>
									<tr>
										<th>Timestamp</th>
										<th>TestName</th>
										<th>Status</th>
									</tr>
								</thead>
								<tbody>
									<tr>
										<td>Sep 19, 2020 12:54:05 AM</td>
										<td class='linked' test-id='1'>Acceptance testing to validate Search cars page is working fine.</td>
										<td><span class='test-status fail'>fail</span></td>
									</tr>
									<tr>
										<td>Sep 19, 2020 12:54:05 AM</td>
										<td class='linked' test-id='2'>Validate search cars page</td>
										<td><span class='test-status fail'>fail</span></td>
									</tr>
								</tbody>
							</table>
						</div>
					</div>
				</li>
				<li class='category displayed active'>
					<div class='category-heading'>
						<span class='category-name'>@Search-Cars-Positive</span>
						<span class='category-status right'>
						<span class='label fail'>1</span>
						</span>
					</div>
					<div class='category-content hide'>
						<div class='category-status-counts'>
							
							<span status="fail" class='label red lighten-1 white-text'>Failed: 1</span>
							
						</div>
						<div class='category-tests'>
							<table class='bordered table-results'>
								<thead>
									<tr>
										<th>Timestamp</th>
										<th>TestName</th>
										<th>Status</th>
									</tr>
								</thead>
								<tbody>
									<tr>
										<td>Sep 19, 2020 12:54:05 AM</td>
										<td class='linked' test-id='2'>Validate search cars page</td>
										<td><span class='test-status fail'>fail</span></td>
									</tr>
								</tbody>
							</table>
						</div>
					</div>
				</li>
				<li class='category displayed active'>
					<div class='category-heading'>
						<span class='category-name'>@Used-Search-Cars</span>
						<span class='category-status right'>
						<span class='label fail'>1</span>
						</span>
					</div>
					<div class='category-content hide'>
						<div class='category-status-counts'>
							
							<span status="fail" class='label red lighten-1 white-text'>Failed: 1</span>
							
						</div>
						<div class='category-tests'>
							<table class='bordered table-results'>
								<thead>
									<tr>
										<th>Timestamp</th>
										<th>TestName</th>
										<th>Status</th>
									</tr>
								</thead>
								<tbody>
									<tr>
										<td>Sep 19, 2020 12:54:27 AM</td>
										<td class='linked' test-id='15'>Acceptance testing to validate Used Search cars page is working fine.</td>
										<td><span class='test-status fail'>fail</span></td>
									</tr>
									<tr>
										<td>Sep 19, 2020 12:54:27 AM</td>
										<td class='linked' test-id='16'>Validate used search cars page</td>
										<td><span class='test-status fail'>fail</span></td>
									</tr>
								</tbody>
							</table>
						</div>
					</div>
				</li>
				<li class='category displayed active'>
					<div class='category-heading'>
						<span class='category-name'>@Used-Search-Cars-Positive</span>
						<span class='category-status right'>
						<span class='label fail'>1</span>
						</span>
					</div>
					<div class='category-content hide'>
						<div class='category-status-counts'>
							
							<span status="fail" class='label red lighten-1 white-text'>Failed: 1</span>
							
						</div>
						<div class='category-tests'>
							<table class='bordered table-results'>
								<thead>
									<tr>
										<th>Timestamp</th>
										<th>TestName</th>
										<th>Status</th>
									</tr>
								</thead>
								<tbody>
									<tr>
										<td>Sep 19, 2020 12:54:27 AM</td>
										<td class='linked' test-id='16'>Validate used search cars page</td>
										<td><span class='test-status fail'>fail</span></td>
									</tr>
								</tbody>
							</table>
						</div>
					</div>
				</li>
			</ul>
		</div>
	</div>
	<div class='subview-right left'>
		<div class='view-summary'>
			<h5 class='category-name'></h5>
		</div>
	</div>
</div>
<!-- category view --><div id='exception-view' class='view hide'>
	<section id='controls'>
		<div class='controls grey lighten-4'>
			<!-- search -->
			<div class='chip transparent' alt='Search Tests' title='Search Tests'>
				<a href="#" class='search-div'>
				<i class='material-icons'>search</i> Search
				</a>
				<div class='input-field left hide'>
					<input id='search-tests' type='text' class='validate browser-default' placeholder='Search Tests...'>
				</div>
			</div>
			<!-- search -->
		</div>
	</section>
	<div class='subview-left left'>
		<div class='view-summary'>
			<ul id='exception-collection' class='exception-collection'>
				<li class='exception displayed active'>
					<div class='exception-heading'>
						<span class='exception-name'>org.openqa.selenium.NoSuchElementException</span>
						<span class='exception-count right'><span class='label red lighten-1 white-text'>2</span></span>
					</div>
					<div class='exception-content hide'>
						<div class='exception-tests'>
							<table class='bordered table-results'>
								<thead>
									<tr>
										<th>Timestamp</th>
										<th>TestName</th>
										<th>Status</th>
									</tr>
								</thead>
								<tbody>
									<tr>
										<td>Sep 19, 2020 12:54:15 AM</td>
										<td class='linked' test-id='7'>And select carbrand as "BMW" from AnyMake DropDown</td>
										<td>
											<textarea disabled class="code-block">org.openqa.selenium.NoSuchElementException: no such element: Unable to locate element: {"method":"xpath","selector":"//select[@id='makes']"}
  (Session info: chrome=85.0.4183.102)
For documentation on this error, please visit: https://www.seleniumhq.org/exceptions/no_such_element.html
Build info: version: '3.141.59', revision: 'e82be7d358', time: '2018-11-14T08:17:03'
System info: host: 'LAPTOP-4OFRI5EK', ip: '192.168.0.20', os.name: 'Windows 10', os.arch: 'amd64', os.version: '10.0', java.version: '14.0.1'
Driver info: org.openqa.selenium.chrome.ChromeDriver
Capabilities {acceptInsecureCerts: false, browserName: chrome, browserVersion: 85.0.4183.102, chrome: {chromedriverVersion: 85.0.4183.87 (cd6713ebf92fa..., userDataDir: C:\Users\jmubayed\AppData\L...}, goog:chromeOptions: {debuggerAddress: localhost:53601}, javascriptEnabled: true, networkConnectionEnabled: false, pageLoadStrategy: normal, platform: WINDOWS, platformName: WINDOWS, proxy: Proxy(), setWindowRect: true, strictFileInteractability: false, timeouts: {implicit: 0, pageLoad: 300000, script: 30000}, unhandledPromptBehavior: dismiss and notify, webauthn:virtualAuthenticators: true}
Session ID: bda6e612c965daf03f62a2ad3b439eac
*** Element info: {Using=xpath, value=//select[@id='makes']}
	at java.base/jdk.internal.reflect.NativeConstructorAccessorImpl.newInstance0(Native Method)
	at java.base/jdk.internal.reflect.NativeConstructorAccessorImpl.newInstance(NativeConstructorAccessorImpl.java:62)
	at java.base/jdk.internal.reflect.DelegatingConstructorAccessorImpl.newInstance(DelegatingConstructorAccessorImpl.java:45)
	at java.base/java.lang.reflect.Constructor.newInstanceWithCaller(Constructor.java:500)
	at java.base/java.lang.reflect.Constructor.newInstance(Constructor.java:481)
	at org.openqa.selenium.remote.http.W3CHttpResponseCodec.createException(W3CHttpResponseCodec.java:187)
	at org.openqa.selenium.remote.http.W3CHttpResponseCodec.decode(W3CHttpResponseCodec.java:122)
	at org.openqa.selenium.remote.http.W3CHttpResponseCodec.decode(W3CHttpResponseCodec.java:49)
	at org.openqa.selenium.remote.HttpCommandExecutor.execute(HttpCommandExecutor.java:158)
	at org.openqa.selenium.remote.service.DriverCommandExecutor.execute(DriverCommandExecutor.java:83)
	at org.openqa.selenium.remote.RemoteWebDriver.execute(RemoteWebDriver.java:552)
	at org.openqa.selenium.remote.RemoteWebDriver.findElement(RemoteWebDriver.java:323)
	at org.openqa.selenium.remote.RemoteWebDriver.findElementByXPath(RemoteWebDriver.java:428)
	at org.openqa.selenium.By$ByXPath.findElement(By.java:353)
	at org.openqa.selenium.remote.RemoteWebDriver.findElement(RemoteWebDriver.java:315)
	at org.openqa.selenium.support.pagefactory.DefaultElementLocator.findElement(DefaultElementLocator.java:69)
	at org.openqa.selenium.support.pagefactory.internal.LocatingElementHandler.invoke(LocatingElementHandler.java:38)
	at com.sun.proxy.$Proxy37.getTagName(Unknown Source)
	at org.openqa.selenium.support.ui.Select.<init>(Select.java:45)
	at com.qa.pages.actions.CarsSearchPageActions.selectCarMake(CarsSearchPageActions.java:23)
	at com.qa.steps.SearchCarsSteps.select_carbrand_as_from_AnyMake_DropDown(SearchCarsSteps.java:50)
	at ?.select carbrand as "BMW" from AnyMake DropDown(file:src/test/resources/features/SearchCars.feature:15)
</textarea>
										</td>
									</tr>
									<tr>
										<td>Sep 19, 2020 12:54:32 AM</td>
										<td class='linked' test-id='21'>And select carbrand as "Audi" from AnyMake DropDown on Used Search Car page</td>
										<td>
											<textarea disabled class="code-block">org.openqa.selenium.NoSuchElementException: no such element: Unable to locate element: {"method":"xpath","selector":"//select[@id='makes']"}
  (Session info: chrome=85.0.4183.102)
For documentation on this error, please visit: https://www.seleniumhq.org/exceptions/no_such_element.html
Build info: version: '3.141.59', revision: 'e82be7d358', time: '2018-11-14T08:17:03'
System info: host: 'LAPTOP-4OFRI5EK', ip: '192.168.0.20', os.name: 'Windows 10', os.arch: 'amd64', os.version: '10.0', java.version: '14.0.1'
Driver info: org.openqa.selenium.chrome.ChromeDriver
Capabilities {acceptInsecureCerts: false, browserName: chrome, browserVersion: 85.0.4183.102, chrome: {chromedriverVersion: 85.0.4183.87 (cd6713ebf92fa..., userDataDir: C:\Users\jmubayed\AppData\L...}, goog:chromeOptions: {debuggerAddress: localhost:53706}, javascriptEnabled: true, networkConnectionEnabled: false, pageLoadStrategy: normal, platform: WINDOWS, platformName: WINDOWS, proxy: Proxy(), setWindowRect: true, strictFileInteractability: false, timeouts: {implicit: 0, pageLoad: 300000, script: 30000}, unhandledPromptBehavior: dismiss and notify, webauthn:virtualAuthenticators: true}
Session ID: 73a8062f042570bb734c24394beea1c2
*** Element info: {Using=xpath, value=//select[@id='makes']}
	at java.base/jdk.internal.reflect.NativeConstructorAccessorImpl.newInstance0(Native Method)
	at java.base/jdk.internal.reflect.NativeConstructorAccessorImpl.newInstance(NativeConstructorAccessorImpl.java:62)
	at java.base/jdk.internal.reflect.DelegatingConstructorAccessorImpl.newInstance(DelegatingConstructorAccessorImpl.java:45)
	at java.base/java.lang.reflect.Constructor.newInstanceWithCaller(Constructor.java:500)
	at java.base/java.lang.reflect.Constructor.newInstance(Constructor.java:481)
	at org.openqa.selenium.remote.http.W3CHttpResponseCodec.createException(W3CHttpResponseCodec.java:187)
	at org.openqa.selenium.remote.http.W3CHttpResponseCodec.decode(W3CHttpResponseCodec.java:122)
	at org.openqa.selenium.remote.http.W3CHttpResponseCodec.decode(W3CHttpResponseCodec.java:49)
	at org.openqa.selenium.remote.HttpCommandExecutor.execute(HttpCommandExecutor.java:158)
	at org.openqa.selenium.remote.service.DriverCommandExecutor.execute(DriverCommandExecutor.java:83)
	at org.openqa.selenium.remote.RemoteWebDriver.execute(RemoteWebDriver.java:552)
	at org.openqa.selenium.remote.RemoteWebDriver.findElement(RemoteWebDriver.java:323)
	at org.openqa.selenium.remote.RemoteWebDriver.findElementByXPath(RemoteWebDriver.java:428)
	at org.openqa.selenium.By$ByXPath.findElement(By.java:353)
	at org.openqa.selenium.remote.RemoteWebDriver.findElement(RemoteWebDriver.java:315)
	at org.openqa.selenium.support.pagefactory.DefaultElementLocator.findElement(DefaultElementLocator.java:69)
	at org.openqa.selenium.support.pagefactory.internal.LocatingElementHandler.invoke(LocatingElementHandler.java:38)
	at com.sun.proxy.$Proxy37.getTagName(Unknown Source)
	at org.openqa.selenium.support.ui.Select.<init>(Select.java:45)
	at com.qa.pages.actions.UsedCarsSearchPageActions.selectCarMake(UsedCarsSearchPageActions.java:22)
	at com.qa.steps.UsedCarsSteps.select_carbrand_as_from_AnyMake_DropDown_on_Used_Search_Car_page(UsedCarsSteps.java:25)
	at ?.select carbrand as "Audi" from AnyMake DropDown on Used Search Car page(file:src/test/resources/features/UsedCarSearch.feature:15)
</textarea>
										</td>
									</tr>
								</tbody>
							</table>
						</div>
					</div>
				</li>
			</ul>
		</div>
	</div>
	<div class='subview-right left'>
		<div class='view-summary'>
			<h5 class='exception-name'></h5>
		</div>
	</div>
</div>
<!-- exception view --><div id='dashboard-view' class='view hide'>
	<div class='card-panel transparent np-v'>
		<h5>Dashboard</h5>

		<div class='row'>
			<div class='col s2'>
				<div class='card-panel r'>
					Features
					<div class='panel-lead'>2</div>
				</div>
			</div>
			<div class='col s2'>
				<div class='card-panel r'>
					Scenarios
					<div class='panel-lead'>2</div>
				</div>
			</div>
			<div class='col s2'>
				<div class='card-panel r'>
					Steps
					<div class='panel-lead'>22</div>
				</div>
			</div>
			<div class='col s2'>
				<div class='card-panel r'>
					Start
					<div class='panel-lead'>Sep 19, 2020 12:53:57 AM</div>
				</div>
			</div>
			<div class='col s2'>
				<div class='card-panel r'>
			 		End
			 		<div class='panel-lead'>Sep 19, 2020 12:54:36 AM</div>
				</div>
			</div>
			<div class='col s2'>
				<div class='card-panel r'>
					Time Taken
					<div class='panel-lead'>0h 0m 39s+743ms</div>
				</div>
			</div>
			<div class='col s6'>
				<div class='card-panel dashboard-categories'>
					<span class='right label cyan white-text'>Categories</span><p>&nbsp;</p>
					
					<table>
						<tr>
							<th>Name</th>
							<th>Passed</th>
							<th>Failed</th>
							<th>Skipped</th>
							<th>Passed %</th>
						</tr>
						<tr>
							<td>@Search-Cars</td>
							<td>0</td>
							<td>1</td>
							<td>0</td>
							<td>
									0%
							</td>
						</tr>
						<tr>
							<td>@Search-Cars-Positive</td>
							<td>0</td>
							<td>1</td>
							<td>0</td>
							<td>
									0%
							</td>
						</tr>
						<tr>
							<td>@Used-Search-Cars</td>
							<td>0</td>
							<td>1</td>
							<td>0</td>
							<td>
									0%
							</td>
						</tr>
						<tr>
							<td>@Used-Search-Cars-Positive</td>
							<td>0</td>
							<td>1</td>
							<td>0</td>
							<td>
									0%
							</td>
						</tr>
					</table>
				</div>
			</div>
		</div>
	</div>
</div>
<!-- dashboard view -->
<!-- testrunner-logs view -->		</div>
		<!-- container -->
		<script>
			var statusGroup = {
                parentCount: 2,
				passParent: 0,
				failParent: 2,
				fatalParent: 0,
				errorParent: 0,
				warningParent: 0,
				skipParent: 0,
				exceptionsParent: 2,
				childCount: 2,
				passChild: 0,
				failChild: 2,
				fatalChild: 0,
				errorChild: 0,
				warningChild: 0,
				skipChild: 0,
				infoChild: 0,
				debugChild: 0,
				exceptionsChild: 2,
				grandChildCount: 22,
				passGrandChild: 8,
				failGrandChild: 2,
				fatalGrandChild: 0,
				errorGrandChild: 0,
				warningGrandChild: 0,
				skipGrandChild: 12,
				infoGrandChild: 0,
				debugGrandChild: 0,
				exceptionsGrandChild: 14,
			};
		</script>
		<script>
			var timeline = {
			        "Acceptance testing to validate Search cars page is working fine.":11.695,"Acceptance testing to validate Used Search cars page is working fine.":7.108
			};
		</script>
	
		  <script src='http://cdn.jsdelivr.net/gh/extent-framework/extent-github-cdn@ff53917fbbdb5ef820abbbe4d199a6942dc771ff/v3html/js/extent.js' type='text/javascript'></script>
		<script type='text/javascript'>
			


$(document).ready(function() {
});

		
		</script>
	</body>
</html>